2024-12-09 09:47:30,034 - INFO - x scaled shape: (897254, 5)
2024-12-09 09:47:30,034 - INFO - y scaled shape: (897254, 2)
2024-12-09 09:47:30,123 - INFO - x_train shape: (628077, 5)
2024-12-09 09:47:30,123 - INFO - y_train shape: (628077, 2)
2024-12-09 09:47:30,123 - INFO - x_val shape: (179451, 5)
2024-12-09 09:47:30,123 - INFO - y_val shape: (179451, 2)
2024-12-09 09:47:30,123 - INFO - x_test shape: (89726, 5)
2024-12-09 09:47:30,123 - INFO - y_test shape: (89726, 2)
2024-12-09 09:47:47,566 - INFO - Trial 0: n_estimators=220, max_depth=10, min_samples_split=7, min_samples_leaf=9, Avg ROC AUC=0.8150
2024-12-09 09:48:10,639 - INFO - Trial 1: n_estimators=250, max_depth=50, min_samples_split=2, min_samples_leaf=8, Avg ROC AUC=0.8376
2024-12-09 09:48:35,181 - INFO - Trial 2: n_estimators=270, max_depth=20, min_samples_split=10, min_samples_leaf=10, Avg ROC AUC=0.8380
2024-12-09 09:48:51,032 - INFO - Trial 3: n_estimators=160, max_depth=30, min_samples_split=10, min_samples_leaf=5, Avg ROC AUC=0.8358
2024-12-09 09:49:18,493 - INFO - Trial 4: n_estimators=300, max_depth=50, min_samples_split=2, min_samples_leaf=9, Avg ROC AUC=0.8377
2024-12-09 09:49:29,935 - INFO - Trial 5: n_estimators=110, max_depth=40, min_samples_split=10, min_samples_leaf=1, Avg ROC AUC=0.8332
2024-12-09 09:49:45,123 - INFO - Trial 6: n_estimators=160, max_depth=20, min_samples_split=5, min_samples_leaf=7, Avg ROC AUC=0.8376
2024-12-09 09:50:04,900 - INFO - Trial 7: n_estimators=200, max_depth=30, min_samples_split=9, min_samples_leaf=5, Avg ROC AUC=0.8359
2024-12-09 09:50:27,114 - INFO - Trial 8: n_estimators=280, max_depth=10, min_samples_split=5, min_samples_leaf=9, Avg ROC AUC=0.8151
2024-12-09 09:50:48,435 - INFO - Trial 9: n_estimators=270, max_depth=10, min_samples_split=5, min_samples_leaf=5, Avg ROC AUC=0.8151
2024-12-09 09:51:11,327 - INFO - Trial 10: n_estimators=230, max_depth=20, min_samples_split=8, min_samples_leaf=2, Avg ROC AUC=0.8348
2024-12-09 09:51:38,897 - INFO - Trial 11: n_estimators=300, max_depth=50, min_samples_split=2, min_samples_leaf=10, Avg ROC AUC=0.8378
2024-12-09 09:52:06,416 - INFO - Trial 12: n_estimators=300, max_depth=40, min_samples_split=3, min_samples_leaf=10, Avg ROC AUC=0.8378
2024-12-09 09:52:30,813 - INFO - Trial 13: n_estimators=260, max_depth=20, min_samples_split=7, min_samples_leaf=7, Avg ROC AUC=0.8377
2024-12-09 09:52:58,268 - INFO - Trial 14: n_estimators=300, max_depth=40, min_samples_split=4, min_samples_leaf=10, Avg ROC AUC=0.8378
2024-12-09 09:53:22,863 - INFO - Trial 15: n_estimators=240, max_depth=30, min_samples_split=7, min_samples_leaf=3, Avg ROC AUC=0.8326
2024-12-09 09:53:42,436 - INFO - Trial 16: n_estimators=200, max_depth=50, min_samples_split=3, min_samples_leaf=7, Avg ROC AUC=0.8372
2024-12-09 09:54:07,058 - INFO - Trial 17: n_estimators=270, max_depth=20, min_samples_split=9, min_samples_leaf=10, Avg ROC AUC=0.8380
2024-12-09 09:54:23,037 - INFO - Trial 18: n_estimators=170, max_depth=20, min_samples_split=9, min_samples_leaf=8, Avg ROC AUC=0.8378
2024-12-09 09:54:34,883 - INFO - Trial 19: n_estimators=120, max_depth=20, min_samples_split=9, min_samples_leaf=6, Avg ROC AUC=0.8370
2024-12-09 09:55:02,387 - INFO - Trial 20: n_estimators=270, max_depth=30, min_samples_split=8, min_samples_leaf=4, Avg ROC AUC=0.8346
2024-12-09 09:55:19,477 - INFO - Trial 21: n_estimators=180, max_depth=20, min_samples_split=9, min_samples_leaf=8, Avg ROC AUC=0.8378
2024-12-09 09:55:32,718 - INFO - Trial 22: n_estimators=140, max_depth=20, min_samples_split=10, min_samples_leaf=8, Avg ROC AUC=0.8377
2024-12-09 09:55:50,227 - INFO - Trial 23: n_estimators=220, max_depth=10, min_samples_split=8, min_samples_leaf=10, Avg ROC AUC=0.8153
2024-12-09 09:56:06,939 - INFO - Trial 24: n_estimators=180, max_depth=20, min_samples_split=9, min_samples_leaf=9, Avg ROC AUC=0.8380
2024-12-09 09:56:24,697 - INFO - Trial 25: n_estimators=190, max_depth=30, min_samples_split=10, min_samples_leaf=9, Avg ROC AUC=0.8377
2024-12-09 09:56:42,381 - INFO - Trial 26: n_estimators=220, max_depth=10, min_samples_split=8, min_samples_leaf=10, Avg ROC AUC=0.8153
2024-12-09 09:57:08,324 - INFO - Trial 27: n_estimators=280, max_depth=20, min_samples_split=9, min_samples_leaf=9, Avg ROC AUC=0.8381
2024-12-09 09:57:35,625 - INFO - Trial 28: n_estimators=280, max_depth=30, min_samples_split=6, min_samples_leaf=6, Avg ROC AUC=0.8368
2024-12-09 09:57:55,771 - INFO - Trial 29: n_estimators=250, max_depth=10, min_samples_split=6, min_samples_leaf=9, Avg ROC AUC=0.8150
2024-12-09 09:58:21,380 - INFO - Trial 30: n_estimators=280, max_depth=20, min_samples_split=10, min_samples_leaf=10, Avg ROC AUC=0.8380
2024-12-09 09:58:47,059 - INFO - Trial 31: n_estimators=280, max_depth=20, min_samples_split=10, min_samples_leaf=10, Avg ROC AUC=0.8380
2024-12-09 09:59:13,883 - INFO - Trial 32: n_estimators=290, max_depth=20, min_samples_split=10, min_samples_leaf=9, Avg ROC AUC=0.8381
2024-12-09 09:59:37,478 - INFO - Trial 33: n_estimators=290, max_depth=10, min_samples_split=10, min_samples_leaf=9, Avg ROC AUC=0.8151
2024-12-09 10:00:01,466 - INFO - Trial 34: n_estimators=250, max_depth=20, min_samples_split=10, min_samples_leaf=8, Avg ROC AUC=0.8379
2024-12-09 10:00:27,985 - INFO - Trial 35: n_estimators=280, max_depth=20, min_samples_split=10, min_samples_leaf=9, Avg ROC AUC=0.8381
2024-12-09 10:00:49,194 - INFO - Trial 36: n_estimators=260, max_depth=10, min_samples_split=9, min_samples_leaf=7, Avg ROC AUC=0.8150
2024-12-09 10:01:16,059 - INFO - Trial 37: n_estimators=290, max_depth=30, min_samples_split=10, min_samples_leaf=9, Avg ROC AUC=0.8377
2024-12-09 10:01:38,970 - INFO - Trial 38: n_estimators=240, max_depth=30, min_samples_split=8, min_samples_leaf=8, Avg ROC AUC=0.8376
